<?xml version="1.0" encoding="UTF-8"?>
<!-- Generated by org.testng.reporters.JUnitReportReporter -->
<testsuite hostname="DESKTOP-11634QC" failures="0" tests="2" name="com.swiggy.testscripts.TestRunner" time="184.016" errors="0" timestamp="2023-05-13T23:40:58 IST" skipped="0">
  <testcase classname="com.swiggy.testscripts.TestRunner" name="runScenario" time="98.010"/>
  <system-out/>
  <testcase classname="com.swiggy.testscripts.TestRunner" name="runScenario" time="86.006"/>
  <system-out/>
</testsuite> <!-- com.swiggy.testscripts.TestRunner -->
